<?xml version="1.0" encoding="UTF-8"?>
<testng-results ignored="0" total="1" passed="1" failed="0" skipped="0">
  <reporter-output>
  </reporter-output>
  <suite started-at="2023-08-28T14:37:24 HAE" name="Default suite" finished-at="2023-08-28T14:37:24 HAE" duration-ms="53">
    <groups>
    </groups>
    <test started-at="2023-08-28T14:37:24 HAE" name="Default test" finished-at="2023-08-28T14:37:24 HAE" duration-ms="53">
      <class name="testCases.DemoTest">
        <test-method signature="f()[pri:0, instance:testCases.DemoTest@130d63be]" started-at="2023-08-28T14:37:24 HAE" name="f" finished-at="2023-08-28T14:37:24 HAE" duration-ms="11" status="PASS">
          <reporter-output>
          </reporter-output>
        </test-method> <!-- f -->
      </class> <!-- testCases.DemoTest -->
    </test> <!-- Default test -->
  </suite> <!-- Default suite -->
</testng-results>
